<?xml version="1.0" encoding="utf-8"?>
<TestRun id="39981836-e638-4de0-be56-f8d29180ecdb" name="marcc@DESKTOP-NK3B8B0 2025-09-05 12:14:21" runUser="DESKTOP-NK3B8B0\marcc" xmlns="http://microsoft.com/schemas/VisualStudio/TeamTest/2010">
  <Times creation="2025-09-05T12:14:21.7450293+01:00" queuing="2025-09-05T12:14:21.7450297+01:00" start="2025-09-05T12:14:17.7130710+01:00" finish="2025-09-05T12:14:21.7599980+01:00" />
  <TestSettings name="default" id="d71bd16c-fc4e-4e74-8bff-a79c8347f84b">
    <Deployment runDeploymentRoot="marcc_DESKTOP-NK3B8B0_2025-09-05_12_14_21" />
  </TestSettings>
  <Results>
    <UnitTestResult executionId="c71df474-3ad3-44f8-b604-068a122871e6" testId="d89c1269-6098-5808-490b-3b1dd443a13f" testName="Test_0001_TestingLoginWithValidCredentials" computerName="DESKTOP-NK3B8B0" duration="00:00:02.5827951" startTime="2025-09-05T12:14:18.6940473+01:00" endTime="2025-09-05T12:14:21.5967416+01:00" testType="13cdc9d9-ddb5-4fa4-a97d-d965ccfc6d4b" outcome="Passed" testListId="8c84fa94-04c1-424b-9868-57a2d4851a1d" relativeResultsDirectory="c71df474-3ad3-44f8-b604-068a122871e6">
      <Output>
        <StdOut>-&gt; Loading plugin D:\Repos\BDDAutomationFramework\AppSpecFlow\bin\Debug\net8.0\TechTalk.SpecFlow.MSTest.SpecFlowPlugin.dll&#xD;
-&gt; Loading plugin D:\Repos\BDDAutomationFramework\AppSpecFlow\bin\Debug\net8.0\AppSpecFlow.dll&#xD;
-&gt; Using specflow.json&#xD;
Starting feature: test-0001 Login Functionality&#xD;
SpecFlow bindings discovered&#xD;
Starting scenario: test-0001-testing login with valid credentials&#xD;
Given I am testing "Project1"&#xD;
Loaded test data for project: Project1&#xD;
-&gt; done: GivenSteps.GivenIAmTesting("Project1") (2.2s)&#xD;
Completed scenario: test-0001-testing login with valid credentials&#xD;
Completed feature: test-0001 Login Functionality&#xD;
&#xD;
&#xD;
&#xD;
TestContext Messages:&#xD;
Given I am testing "Project1"&#xD;
-&gt; done: GivenSteps.GivenIAmTesting("Project1") (2.2s)</StdOut>
      </Output>
    </UnitTestResult>
  </Results>
  <TestDefinitions>
    <UnitTest name="Test_0001_TestingLoginWithValidCredentials" storage="d:\repos\bddautomationframework\appspecflow\bin\debug\net8.0\appspecflow.dll" id="d89c1269-6098-5808-490b-3b1dd443a13f">
      <TestCategory>
        <TestCategoryItem TestCategory="test-0001" />
      </TestCategory>
      <Execution id="c71df474-3ad3-44f8-b604-068a122871e6" />
      <TestMethod codeBase="D:\Repos\BDDAutomationFramework\AppSpecFlow\bin\Debug\net8.0\AppSpecFlow.dll" adapterTypeName="executor://mstestadapter/v2" className="AppSpecFlow.Features.Project1.Test_0001LoginFunctionalityFeature" name="Test_0001_TestingLoginWithValidCredentials" />
    </UnitTest>
  </TestDefinitions>
  <TestEntries>
    <TestEntry testId="d89c1269-6098-5808-490b-3b1dd443a13f" executionId="c71df474-3ad3-44f8-b604-068a122871e6" testListId="8c84fa94-04c1-424b-9868-57a2d4851a1d" />
  </TestEntries>
  <TestLists>
    <TestList name="Results Not in a List" id="8c84fa94-04c1-424b-9868-57a2d4851a1d" />
    <TestList name="All Loaded Results" id="19431567-8539-422a-85d7-44ee4e166bda" />
  </TestLists>
  <ResultSummary outcome="Completed">
    <Counters total="1" executed="1" passed="1" failed="0" error="0" timeout="0" aborted="0" inconclusive="0" passedButRunAborted="0" notRunnable="0" notExecuted="0" disconnected="0" warning="0" completed="0" inProgress="0" pending="0" />
    <Output>
      <StdOut>Starting Microsoft Edge WebDriver 139.0.3405.125 (5d3aeaf5858265d2abfe75156d5fa33dce393873) on port 51831&#xD;
To submit feedback, report a bug, or suggest new features, please visit https://github.com/MicrosoftEdge/EdgeWebDriver&#xD;
Only local connections are allowed.&#xD;
Please see https://aka.ms/WebDriverSecurity for suggestions on keeping Microsoft Edge WebDriver safe.&#xD;
msedgedriver was started successfully on port 51831.&#xD;
</StdOut>
    </Output>
  </ResultSummary>
</TestRun>